Sat May 04 13:59:52 EDT 2019 : Apache Derby Network Server - 10.10.2.0 - (1582446) started and ready to accept connections on port 1527
----------------------------------------------------------------
Sat May 04 13:59:53 EDT 2019:
Booting Derby version The Apache Software Foundation - Apache Derby - 10.10.2.0 - (1582446): instance a816c00e-016a-8400-9633-ffffb3601843 
on database directory /Users/XueruChen/NetBeansProjects/CS322_FinalProject/EbayMazon/UserDB with class loader sun.misc.Launcher$AppClassLoader@6f94fa3e 
Loaded from file:/Applications/NetBeans/glassfish-4.1.1/javadb/lib/derby.jar
java.vendor=Oracle Corporation
java.runtime.version=1.8.0_181-b13
user.dir=/Applications/NetBeans/glassfish-4.1.1/javadb
os.name=Mac OS X
os.arch=x86_64
os.version=10.14.4
derby.system.home=/Users/XueruChen/NetBeansProjects/CS322_FinalProject/EbayMazon
Database Class Loader started - derby.database.classpath=''
----------------------------------------------------------------
Sat May 04 13:59:55 EDT 2019:
Shutting down instance a816c00e-016a-8400-9633-ffffb3601843 on database directory /Users/XueruChen/NetBeansProjects/CS322_FinalProject/EbayMazon/UserDB with class loader sun.misc.Launcher$AppClassLoader@6f94fa3e 
Sat May 04 13:59:56 EDT 2019 Thread[DRDAConnThread_3,5,main] (DATABASE = UserDB), (DRDAID = {2}), Database 'UserDB' shutdown.
----------------------------------------------------------------
Sat May 04 14:00:02 EDT 2019:
Booting Derby version The Apache Software Foundation - Apache Derby - 10.10.2.0 - (1582446): instance 560740aa-016a-8400-9633-ffffb3601843 
on database directory /Users/XueruChen/NetBeansProjects/CS322_FinalProject/EbayMazon/UserDB with class loader sun.misc.Launcher$AppClassLoader@6f94fa3e 
Loaded from file:/Applications/NetBeans/glassfish-4.1.1/javadb/lib/derby.jar
java.vendor=Oracle Corporation
java.runtime.version=1.8.0_181-b13
user.dir=/Applications/NetBeans/glassfish-4.1.1/javadb
os.name=Mac OS X
os.arch=x86_64
os.version=10.14.4
derby.system.home=/Users/XueruChen/NetBeansProjects/CS322_FinalProject/EbayMazon
Database Class Loader started - derby.database.classpath=''
